# JRE version: Java(TM) SE Runtime Environment (8.0_172-b11) (build 1.8.0_172-b11)
# Java VM: Java HotSpot(TM) 64-Bit Server VM (25.172-b11 mixed mode linux-amd64 compressed oops)
Heap:
 PSYoungGen      total 207360K, used 78148K [0x00000000ebd80000, 0x0000000100000000, 0x0000000100000000)
  eden space 97280K, 0% used [0x00000000ebd80000,0x00000000ebd80000,0x00000000f1c80000)
  from space 110080K, 70% used [0x00000000f1c80000,0x00000000f68d1158,0x00000000f8800000)
  to   space 110080K, 0% used [0x00000000f9480000,0x00000000f9480000,0x0000000100000000)
 ParOldGen       total 518656K, used 518320K [0x00000000c3800000, 0x00000000e3280000, 0x00000000ebd80000)
  object space 518656K, 99% used [0x00000000c3800000,0x00000000e322c308,0x00000000e3280000)
 Metaspace       used 4369K, capacity 5056K, committed 5120K, reserved 1056768K
  class space    used 479K, capacity 496K, committed 512K, reserved 1048576K
GC Heap History (10 events):
Event: 21.525 GC heap after
Heap after GC invocations=16 (full 5):
 PSYoungGen      total 167936K, used 0K [0x00000000ebd80000, 0x00000000fdb00000, 0x0000000100000000)
  eden space 57856K, 0% used [0x00000000ebd80000,0x00000000ebd80000,0x00000000ef600000)
  from space 110080K, 0% used [0x00000000ef600000,0x00000000ef600000,0x00000000f6180000)
  to   space 107520K, 0% used [0x00000000f7200000,0x00000000f7200000,0x00000000fdb00000)
 ParOldGen       total 518656K, used 336644K [0x00000000c3800000, 0x00000000e3280000, 0x00000000ebd80000)
  object space 518656K, 64% used [0x00000000c3800000,0x00000000d80c1350,0x00000000e3280000)
 Metaspace       used 4369K, capacity 5056K, committed 5120K, reserved 1056768K
  class space    used 479K, capacity 496K, committed 512K, reserved 1048576K
}
Event: 21.604 GC heap before
{Heap before GC invocations=17 (full 5):
 PSYoungGen      total 167936K, used 57856K [0x00000000ebd80000, 0x00000000fdb00000, 0x0000000100000000)
  eden space 57856K, 100% used [0x00000000ebd80000,0x00000000ef600000,0x00000000ef600000)
  from space 110080K, 0% used [0x00000000ef600000,0x00000000ef600000,0x00000000f6180000)
  to   space 107520K, 0% used [0x00000000f7200000,0x00000000f7200000,0x00000000fdb00000)
 ParOldGen       total 518656K, used 336644K [0x00000000c3800000, 0x00000000e3280000, 0x00000000ebd80000)
  object space 518656K, 64% used [0x00000000c3800000,0x00000000d80c1350,0x00000000e3280000)
 Metaspace       used 4369K, capacity 5056K, committed 5120K, reserved 1056768K
  class space    used 479K, capacity 496K, committed 512K, reserved 1048576K
Event: 22.011 GC heap after
Heap after GC invocations=17 (full 5):
 PSYoungGen      total 166400K, used 49216K [0x00000000ebd80000, 0x00000000fcd00000, 0x0000000100000000)
  eden space 73216K, 0% used [0x00000000ebd80000,0x00000000ebd80000,0x00000000f0500000)
  from space 93184K, 52% used [0x00000000f7200000,0x00000000fa210000,0x00000000fcd00000)
  to   space 102400K, 0% used [0x00000000f0500000,0x00000000f0500000,0x00000000f6900000)
 ParOldGen       total 518656K, used 336644K [0x00000000c3800000, 0x00000000e3280000, 0x00000000ebd80000)
  object space 518656K, 64% used [0x00000000c3800000,0x00000000d80c1350,0x00000000e3280000)
 Metaspace       used 4369K, capacity 5056K, committed 5120K, reserved 1056768K
  class space    used 479K, capacity 496K, committed 512K, reserved 1048576K
}
Event: 22.121 GC heap before
{Heap before GC invocations=18 (full 5):
 PSYoungGen      total 166400K, used 122432K [0x00000000ebd80000, 0x00000000fcd00000, 0x0000000100000000)
  eden space 73216K, 100% used [0x00000000ebd80000,0x00000000f0500000,0x00000000f0500000)
  from space 93184K, 52% used [0x00000000f7200000,0x00000000fa210000,0x00000000fcd00000)
  to   space 102400K, 0% used [0x00000000f0500000,0x00000000f0500000,0x00000000f6900000)
 ParOldGen       total 518656K, used 336644K [0x00000000c3800000, 0x00000000e3280000, 0x00000000ebd80000)
  object space 518656K, 64% used [0x00000000c3800000,0x00000000d80c1350,0x00000000e3280000)
 Metaspace       used 4369K, capacity 5056K, committed 5120K, reserved 1056768K
  class space    used 479K, capacity 496K, committed 512K, reserved 1048576K
Event: 23.057 GC heap after
Heap after GC invocations=18 (full 5):
 PSYoungGen      total 175616K, used 102400K [0x00000000ebd80000, 0x00000000ff380000, 0x0000000100000000)
  eden space 73216K, 0% used [0x00000000ebd80000,0x00000000ebd80000,0x00000000f0500000)
  from space 102400K, 100% used [0x00000000f0500000,0x00000000f6900000,0x00000000f6900000)
  to   space 110080K, 0% used [0x00000000f8800000,0x00000000f8800000,0x00000000ff380000)
 ParOldGen       total 518656K, used 346748K [0x00000000c3800000, 0x00000000e3280000, 0x00000000ebd80000)
  object space 518656K, 66% used [0x00000000c3800000,0x00000000d8a9f350,0x00000000e3280000)
 Metaspace       used 4369K, capacity 5056K, committed 5120K, reserved 1056768K
  class space    used 479K, capacity 496K, committed 512K, reserved 1048576K
}
Event: 23.180 GC heap before
{Heap before GC invocations=19 (full 5):
 PSYoungGen      total 175616K, used 175616K [0x00000000ebd80000, 0x00000000ff380000, 0x0000000100000000)
  eden space 73216K, 100% used [0x00000000ebd80000,0x00000000f0500000,0x00000000f0500000)
  from space 102400K, 100% used [0x00000000f0500000,0x00000000f6900000,0x00000000f6900000)
  to   space 110080K, 0% used [0x00000000f8800000,0x00000000f8800000,0x00000000ff380000)
 ParOldGen       total 518656K, used 346748K [0x00000000c3800000, 0x00000000e3280000, 0x00000000ebd80000)
  object space 518656K, 66% used [0x00000000c3800000,0x00000000d8a9f350,0x00000000e3280000)
 Metaspace       used 4369K, capacity 5056K, committed 5120K, reserved 1056768K
  class space    used 479K, capacity 496K, committed 512K, reserved 1048576K
Event: 24.103 GC heap after
Heap after GC invocations=19 (full 5):
 PSYoungGen      total 207360K, used 110080K [0x00000000ebd80000, 0x00000000ff780000, 0x0000000100000000)
  eden space 97280K, 0% used [0x00000000ebd80000,0x00000000ebd80000,0x00000000f1c80000)
  from space 110080K, 100% used [0x00000000f8800000,0x00000000ff380000,0x00000000ff380000)
  to   space 110080K, 0% used [0x00000000f1c80000,0x00000000f1c80000,0x00000000f8800000)
 ParOldGen       total 518656K, used 403116K [0x00000000c3800000, 0x00000000e3280000, 0x00000000ebd80000)
  object space 518656K, 77% used [0x00000000c3800000,0x00000000dc1ab350,0x00000000e3280000)
 Metaspace       used 4369K, capacity 5056K, committed 5120K, reserved 1056768K
  class space    used 479K, capacity 496K, committed 512K, reserved 1048576K
}
Event: 24.252 GC heap before
{Heap before GC invocations=20 (full 5):
 PSYoungGen      total 207360K, used 207360K [0x00000000ebd80000, 0x00000000ff780000, 0x0000000100000000)
  eden space 97280K, 100% used [0x00000000ebd80000,0x00000000f1c80000,0x00000000f1c80000)
  from space 110080K, 100% used [0x00000000f8800000,0x00000000ff380000,0x00000000ff380000)
  to   space 110080K, 0% used [0x00000000f1c80000,0x00000000f1c80000,0x00000000f8800000)
 ParOldGen       total 518656K, used 403116K [0x00000000c3800000, 0x00000000e3280000, 0x00000000ebd80000)
  object space 518656K, 77% used [0x00000000c3800000,0x00000000dc1ab350,0x00000000e3280000)
 Metaspace       used 4369K, capacity 5056K, committed 5120K, reserved 1056768K
  class space    used 479K, capacity 496K, committed 512K, reserved 1048576K
Event: 29.905 GC heap after
Heap after GC invocations=20 (full 5):
 PSYoungGen      total 207360K, used 83904K [0x00000000ebd80000, 0x0000000100000000, 0x0000000100000000)
  eden space 97280K, 0% used [0x00000000ebd80000,0x00000000ebd80000,0x00000000f1c80000)
  from space 110080K, 76% used [0x00000000f1c80000,0x00000000f6e70000,0x00000000f8800000)
  to   space 110080K, 0% used [0x00000000f9480000,0x00000000f9480000,0x0000000100000000)
 ParOldGen       total 518656K, used 513524K [0x00000000c3800000, 0x00000000e3280000, 0x00000000ebd80000)
  object space 518656K, 99% used [0x00000000c3800000,0x00000000e2d7d350,0x00000000e3280000)
 Metaspace       used 4369K, capacity 5056K, committed 5120K, reserved 1056768K
  class space    used 479K, capacity 496K, committed 512K, reserved 1048576K
}
Event: 29.969 GC heap before
{Heap before GC invocations=21 (full 6):
 PSYoungGen      total 207360K, used 83904K [0x00000000ebd80000, 0x0000000100000000, 0x0000000100000000)
  eden space 97280K, 0% used [0x00000000ebd80000,0x00000000ebd80000,0x00000000f1c80000)
  from space 110080K, 76% used [0x00000000f1c80000,0x00000000f6e70000,0x00000000f8800000)
  to   space 110080K, 0% used [0x00000000f9480000,0x00000000f9480000,0x0000000100000000)
 ParOldGen       total 518656K, used 513524K [0x00000000c3800000, 0x00000000e3280000, 0x00000000ebd80000)
  object space 518656K, 99% used [0x00000000c3800000,0x00000000e2d7d350,0x00000000e3280000)
 Metaspace       used 4369K, capacity 5056K, committed 5120K, reserved 1056768K
  class space    used 479K, capacity 496K, committed 512K, reserved 1048576K

